\BOOKMARK [1][-]{section.1}{\376\377\000I\000n\000t\000r\000o\000d\000u\000c\000t\000i\000o\000n}{}% 1
\BOOKMARK [1][-]{section.2}{\376\377\000C\000o\000n\000t\000e\000x\000t}{}% 2
\BOOKMARK [1][-]{section.3}{\376\377\000V\000e\000c\000h\000e}{}% 3
\BOOKMARK [2][-]{subsection.3.1}{\376\377\000V\000e\000c\000h\000e\0000\000:\000\040\000V\000e\000c\000h\000e\000\040\000i\000n\000\040\000i\000t\000s\000\040\000s\000i\000m\000p\000l\000e\000s\000t\000\040\000f\000o\000r\000m}{section.3}% 4
\BOOKMARK [2][-]{subsection.3.2}{\376\377\000M\000a\000i\000n\000\040\000g\000u\000r\000a\000n\000t\000e\000e}{section.3}% 5
\BOOKMARK [1][-]{section.4}{\376\377\000G\000e\000n\000e\000r\000a\000l\000i\000z\000a\000t\000i\000o\000n\000s}{}% 6
\BOOKMARK [2][-]{subsection.4.1}{\376\377\000B\000a\000l\000l\000o\000t\000\040\000b\000i\000a\000s\000i\000n\000g}{section.4}% 7
\BOOKMARK [3][-]{subsubsection.4.1.1}{\376\377\000T\000i\000m\000e\000\040\000d\000e\000c\000a\000y\000\040\000b\000i\000a\000s}{subsection.4.1}% 8
\BOOKMARK [3][-]{subsubsection.4.1.2}{\376\377\000O\000t\000h\000e\000r\000\040\000b\000i\000a\000s\000e\000s}{subsection.4.1}% 9
\BOOKMARK [2][-]{subsection.4.2}{\376\377\000B\000a\000l\000l\000o\000t\000\040\000a\000g\000g\000r\000e\000g\000a\000t\000i\000o\000n}{section.4}% 10
\BOOKMARK [3][-]{subsubsection.4.2.1}{\376\377\000U\000s\000e\000r\000\040\000v\000o\000l\000u\000m\000e\000s}{subsection.4.2}% 11
\BOOKMARK [3][-]{subsubsection.4.2.2}{\376\377\000B\000a\000l\000l\000o\000t\000\040\000n\000o\000r\000m\000a\000l\000i\000z\000a\000t\000i\000o\000n}{subsection.4.2}% 12
\BOOKMARK [3][-]{subsubsection.4.2.3}{\376\377\000D\000i\000v\000e\000r\000s\000i\000f\000y\000i\000n\000g\000\040\000t\000h\000e\000\040\000r\000e\000c\000o\000m\000m\000e\000n\000d\000e\000d\000\040\000f\000e\000e\000d}{subsection.4.2}% 13
\BOOKMARK [3][-]{subsubsection.4.2.4}{\376\377\000M\000o\000r\000e\000\040\000r\000a\000d\000i\000c\000a\000l\000\040\000g\000e\000n\000e\000r\000a\000l\000i\000z\000a\000t\000i\000o\000n\000s}{subsection.4.2}% 14
\BOOKMARK [2][-]{subsection.4.3}{\376\377\000A\000l\000g\000o\000r\000i\000t\000h\000m\000i\000c\000\040\000r\000e\000p\000r\000e\000s\000e\000n\000t\000a\000t\000i\000v\000e\000\040\000g\000e\000n\000e\000r\000a\000l\000i\000z\000a\000t\000i\000o\000n\000s}{section.4}% 15
\BOOKMARK [2][-]{subsection.4.4}{\376\377\000F\000u\000t\000u\000r\000e\000\040\000d\000e\000v\000e\000l\000o\000p\000m\000e\000n\000t\000s\000\040\000o\000f\000\040\000V\000e\000c\000h\000e\000\040\000t\000o\000\040\000i\000m\000p\000r\000o\000v\000e\000\040\000r\000e\000s\000i\000l\000i\000e\000n\000c\000e}{section.4}% 16
\BOOKMARK [1][-]{section.5}{\376\377\000E\000v\000a\000l\000u\000a\000t\000i\000n\000g\000\040\000V\000e\000c\000h\000e\000\040\000o\000n\000\040\000f\000o\000u\000r\000\040\000p\000i\000l\000l\000a\000r\000s}{}% 17
\BOOKMARK [1][-]{section.6}{\376\377\000E\000x\000p\000e\000r\000i\000m\000e\000n\000t\000s}{}% 18
\BOOKMARK [1][-]{section.7}{\376\377\000C\000o\000n\000c\000l\000u\000s\000i\000o\000n}{}% 19
\BOOKMARK [1][-]{appendix.A}{\376\377\000P\000r\000o\000o\000f\000\040\000t\000h\000a\000t\000\040\0001\000,\000k\000\040\000i\000s\000\040\000a\000\040\000s\000e\000m\000i\000-\000n\000o\000r\000m\000\040\000\050\000P\000r\000o\000p\000o\000s\000i\000t\000i\000o\000n\000\040\0001\000\051}{}% 20
\BOOKMARK [1][-]{appendix.B}{\376\377\000P\000r\000o\000o\000f\000\040\000o\000f\000\040\000V\000e\000c\000h\000e\0000\000'\000s\000\040\000r\000e\000s\000i\000l\000i\000e\000n\000c\000e\000\040\000\050\000T\000h\000e\000o\000r\000e\000m\000\040\0001\000\051}{}% 21
\BOOKMARK [2][-]{subsection.B.1}{\376\377\000U\000s\000e\000f\000u\000l\000\040\000l\000e\000m\000m\000a\000s\000\040\000t\000o\000\040\000p\000r\000o\000v\000e\000\040\000T\000h\000e\000o\000r\000e\000m\000\040\0003}{appendix.B}% 22
\BOOKMARK [2][-]{subsection.B.2}{\376\377\000T\000o\000t\000a\000l\000\040\000v\000a\000r\000i\000a\000t\000i\000o\000n\000\040\000d\000i\000s\000t\000a\000n\000c\000e\000\040\000o\000f\000\040\000j\000o\000i\000n\000t\000\040\000d\000i\000s\000t\000r\000i\000b\000u\000t\000i\000o\000n}{appendix.B}% 23
\BOOKMARK [2][-]{subsection.B.3}{\376\377\000P\000r\000o\000o\000f\000\040\000o\000f\000\040\000T\000h\000e\000o\000r\000e\000m\000\040\0003}{appendix.B}% 24
\BOOKMARK [1][-]{appendix.C}{\376\377\000P\000r\000o\000o\000f\000s\000\040\000o\000f\000\040\000t\000i\000m\000e\000\040\000d\000e\000c\000a\000y\000\040\000b\000i\000a\000s\000\040\000p\000r\000o\000p\000e\000r\000t\000i\000e\000s}{}% 25
\BOOKMARK [1][-]{appendix.D}{\376\377\000P\000r\000o\000o\000f\000\040\000o\000f\000\040\000g\000u\000a\000r\000a\000n\000t\000e\000e\000s\000\040\000u\000s\000i\000n\000g\000\040\000T\000i\000l\000l\000\351\000'\000s\000\040\000p\000i\000v\000o\000t\000\040\000\050\000T\000h\000e\000o\000r\000e\000m\000\040\0002\000\051}{}% 26
\BOOKMARK [1][-]{appendix.E}{\376\377\000G\000e\000o\000m\000e\000t\000r\000i\000c\000\040\000m\000e\000d\000i\000a\000n\000\040\000a\000s\000\040\000a\000n\000\040\000a\000g\000g\000r\000e\000g\000a\000t\000i\000o\000n\000\040\000r\000u\000l\000e}{}% 27
